2025-03-03 09:32:27: LOG: Export: C:/Users/TRUNGT~1/DOWNLO~1/BEEDES~1.2/Temp/Tornado.fbx
2025-03-03 09:32:27: LOG: [WARNING] Unsupported map(s). - The plug-in does not support the following maps and will not export them. 
To learn how to convert them so they export correctly, see Edit > Convert to File Texture in the Maya documentation. defaultPolygonTexture
2025-03-03 09:34:18: LOG: Export: C:/Users/TRUNGT~1/DOWNLO~1/BEEDES~1.2/Temp/monter.fbx
2025-03-03 09:34:19: LOG: [WARNING] Animation curve tangent type changed to Auto - The plug-in has changed some animation curves tangents type to Auto to ensure interoperability.  This mode change will not affect the animation curves' values
 R_Claw_00_goal_2_rotateY L_Tarsus_goal_2_rotateZ AbdomenIK_con__rotateY Abdomen_IK_00_jnt_rotateX Abdomen_IK_03_jnt_rotateY Abdomen_IK_04_jnt_rotateZ L_Coxa_jnt_scaleX L_Coxa_jnt_scaleY L_Coxa_jnt_scaleZ L_Coxa_jnt_rotateX L_Coxa_jnt_rotateY L_Coxa_jnt_rotateZ L_Femur_jnt_translateX L_Femur_jnt_translateY L_Femur_jnt_translateZ L_Femur_jnt_scaleX L_Femur_jnt_scaleY L_Femur_jnt_scaleZ L_Femur_jnt_rotateX L_Femur_jnt_rotateY L_Femur_jnt_rotateZ L_Patella_jnt_translateX L_Patella_jnt_translateY L_Patella_jnt_translateZ L_Patella_jnt_scaleX L_Patella_jnt_scaleY L_Patella_jnt_scaleZ L_Patella_jnt_rotateX L_Patella_jnt_rotateY L_Patella_jnt_rotateZ L_Tibia_jnt_translateX L_Tibia_jnt_translateY L_Tibia_jnt_translateZ L_Tibia_jnt_scaleX L_Tibia_jnt_scaleY L_Tibia_jnt_scaleZ L_Tibia_jnt_rotateX L_Tibia_j
2025-03-03 09:35:10: LOG: Export: C:/Users/TRUNGT~1/DOWNLO~1/BEEDES~1.2/Temp/monter2.fbx
2025-03-03 09:35:11: LOG: [WARNING] Animation curve tangent type changed to User - The plug-in has changed some animation curves tangents type to User to ensure interoperability.  This mode change will not affect the animation curves' values
 Armature_translateX Armature_translateY Armature_translateZ Armature_scaleX Armature_scaleY Armature_scaleZ Armature_rotateX Armature_rotateY Armature_rotateZ Mundo_translateX Mundo_translateY Mundo_translateZ Mundo_scaleX Mundo_scaleY Mundo_scaleZ Mundo_rotateX Mundo_rotateY Mundo_rotateZ base_translateX base_translateY base_scaleX base_scaleY base_scaleZ base_001_translateX base_001_translateY base_001_translateZ base_001_scaleX base_001_scaleY base_001_scaleZ base_001_rotateX base_001_rotateZ base_002_translateX base_002_translateY base_002_translateZ base_002_scaleX base_002_scaleY base_002_scaleZ base_003_translateX base_003_translateY base_003_translateZ base_003_scaleX base_003_scaleY base_003_scaleZ cuello_translateX cuello_translateY cuello_translateZ cuello_scaleX cuello_scaleY cuello_
2025-03-03 09:35:11: LOG: [WARNING] Animation curve tangent type changed to Auto - The plug-in has changed some animation curves tangents type to Auto to ensure interoperability.  This mode change will not affect the animation curves' values
 base_translateZ base_rotateX base_rotateY base_rotateZ base_001_rotateY base_002_rotateX base_002_rotateY base_002_rotateZ base_003_rotateX base_003_rotateY base_003_rotateZ cuello_rotateX cuello_rotateY cuello_rotateZ cabeza_rotateX cabeza_rotateY cabeza_rotateZ lengua01_rotateY lengua02_rotateY boarraiba_rotateY baba1_rotateX baba1_rotateY baba1_rotateZ baba2_rotateX baba2_rotateY baba2_rotateZ bocaabajo_rotateY culo_rotateX culo_rotateY culo_rotateZ cola_rotateY
2025-03-03 09:35:17: LOG: Export: C:/Users/TRUNGT~1/DOWNLO~1/BEEDES~1.2/Temp/note.fbx
2025-03-04 09:49:12: LOG: Export: C:/Users/TRUNGT~1/DOWNLO~1/BEEDES~1.2/Temp/Tornado.fbx
2025-03-04 09:49:12: LOG: [WARNING] Unsupported map(s). - The plug-in does not support the following maps and will not export them. 
To learn how to convert them so they export correctly, see Edit > Convert to File Texture in the Maya documentation. defaultPolygonTexture
2025-03-04 09:51:03: LOG: Export: C:/Users/TRUNGT~1/DOWNLO~1/BEEDES~1.2/Temp/monter.fbx
2025-03-04 09:51:04: LOG: [WARNING] Animation curve tangent type changed to Auto - The plug-in has changed some animation curves tangents type to Auto to ensure interoperability.  This mode change will not affect the animation curves' values
 R_Claw_00_goal_2_rotateY L_Tarsus_goal_2_rotateZ AbdomenIK_con__rotateY Abdomen_IK_00_jnt_rotateX Abdomen_IK_03_jnt_rotateY Abdomen_IK_04_jnt_rotateZ L_Coxa_jnt_scaleX L_Coxa_jnt_scaleY L_Coxa_jnt_scaleZ L_Coxa_jnt_rotateX L_Coxa_jnt_rotateY L_Coxa_jnt_rotateZ L_Femur_jnt_translateX L_Femur_jnt_translateY L_Femur_jnt_translateZ L_Femur_jnt_scaleX L_Femur_jnt_scaleY L_Femur_jnt_scaleZ L_Femur_jnt_rotateX L_Femur_jnt_rotateY L_Femur_jnt_rotateZ L_Patella_jnt_translateX L_Patella_jnt_translateY L_Patella_jnt_translateZ L_Patella_jnt_scaleX L_Patella_jnt_scaleY L_Patella_jnt_scaleZ L_Patella_jnt_rotateX L_Patella_jnt_rotateY L_Patella_jnt_rotateZ L_Tibia_jnt_translateX L_Tibia_jnt_translateY L_Tibia_jnt_translateZ L_Tibia_jnt_scaleX L_Tibia_jnt_scaleY L_Tibia_jnt_scaleZ L_Tibia_jnt_rotateX L_Tibia_j
2025-03-04 09:51:56: LOG: Export: C:/Users/TRUNGT~1/DOWNLO~1/BEEDES~1.2/Temp/monter2.fbx
2025-03-04 09:51:56: LOG: [WARNING] Animation curve tangent type changed to User - The plug-in has changed some animation curves tangents type to User to ensure interoperability.  This mode change will not affect the animation curves' values
 Armature_translateX Armature_translateY Armature_translateZ Armature_scaleX Armature_scaleY Armature_scaleZ Armature_rotateX Armature_rotateY Armature_rotateZ Mundo_translateX Mundo_translateY Mundo_translateZ Mundo_scaleX Mundo_scaleY Mundo_scaleZ Mundo_rotateX Mundo_rotateY Mundo_rotateZ base_translateX base_translateY base_scaleX base_scaleY base_scaleZ base_001_translateX base_001_translateY base_001_translateZ base_001_scaleX base_001_scaleY base_001_scaleZ base_001_rotateX base_001_rotateZ base_002_translateX base_002_translateY base_002_translateZ base_002_scaleX base_002_scaleY base_002_scaleZ base_003_translateX base_003_translateY base_003_translateZ base_003_scaleX base_003_scaleY base_003_scaleZ cuello_translateX cuello_translateY cuello_translateZ cuello_scaleX cuello_scaleY cuello_
2025-03-04 09:51:56: LOG: [WARNING] Animation curve tangent type changed to Auto - The plug-in has changed some animation curves tangents type to Auto to ensure interoperability.  This mode change will not affect the animation curves' values
 base_translateZ base_rotateX base_rotateY base_rotateZ base_001_rotateY base_002_rotateX base_002_rotateY base_002_rotateZ base_003_rotateX base_003_rotateY base_003_rotateZ cuello_rotateX cuello_rotateY cuello_rotateZ cabeza_rotateX cabeza_rotateY cabeza_rotateZ lengua01_rotateY lengua02_rotateY boarraiba_rotateY baba1_rotateX baba1_rotateY baba1_rotateZ baba2_rotateX baba2_rotateY baba2_rotateZ bocaabajo_rotateY culo_rotateX culo_rotateY culo_rotateZ cola_rotateY
2025-03-04 09:52:02: LOG: Export: C:/Users/TRUNGT~1/DOWNLO~1/BEEDES~1.2/Temp/note.fbx
